<?xml version="1.0" encoding="UTF-8"?>
<!-- Generated by org.testng.reporters.JUnitReportReporter -->
<testsuite hostname="LAPTOP-VR2BVJGM" failures="0" tests="4" name="api.testCases.TC_01_UserTests" time="8.623" errors="0" timestamp="2024-06-05T18:21:51 IST" skipped="0">
  <testcase classname="api.testCases.TC_01_UserTests" name="testPostUser" time="4.971"/>
  <system-out/>
  <testcase classname="api.testCases.TC_01_UserTests" name="testGetUserDetails" time="1.271"/>
  <system-out/>
  <testcase classname="api.testCases.TC_01_UserTests" name="testUpdateUser" time="1.183"/>
  <system-out/>
  <testcase classname="api.testCases.TC_01_UserTests" name="testDeleteUserDetails" time="1.198"/>
  <system-out/>
</testsuite> <!-- api.testCases.TC_01_UserTests -->
