<?xml version="1.0" encoding="UTF-8"?>
<!-- Generated by org.testng.reporters.JUnitReportReporter -->
<testsuite hostname="LAPTOP-VR2BVJGM" failures="0" tests="1" name="api.test.UserTests" time="5.264" errors="0" timestamp="2024-06-05T13:04:18 IST" skipped="0">
  <testcase classname="api.test.UserTests" name="testPostUser" time="5.264"/>
  <system-out/>
</testsuite> <!-- api.test.UserTests -->
