<?xml version="1.0" encoding="UTF-8"?>
<!-- Generated by org.testng.reporters.JUnitReportReporter -->
<testsuite hostname="LAPTOP-VR2BVJGM" failures="0" tests="4" name="com.RestAssured.TestCases.TC_01_RestAssured" time="7.966" errors="0" timestamp="2024-06-05T17:02:54 IST" skipped="0">
  <testcase classname="com.RestAssured.TestCases.TC_01_RestAssured" name="getRequests" time="5.940"/>
  <system-out/>
  <testcase classname="com.RestAssured.TestCases.TC_01_RestAssured" name="CreateRequest" time="1.128"/>
  <system-out/>
  <testcase classname="com.RestAssured.TestCases.TC_01_RestAssured" name="UpdateRequest" time="0.463"/>
  <system-out/>
  <testcase classname="com.RestAssured.TestCases.TC_01_RestAssured" name="DeleteRequest" time="0.435"/>
  <system-out/>
</testsuite> <!-- com.RestAssured.TestCases.TC_01_RestAssured -->
