<?xml version="1.0" encoding="UTF-8"?>
<!-- Generated by org.testng.reporters.JUnitReportReporter -->
<testsuite hostname="LAPTOP-VR2BVJGM" failures="0" tests="1" name="com.SeleniumFramework.TestCases.TC_HistoryValidation_03" time="29.005" errors="0" timestamp="2024-05-19T13:32:51 IST" skipped="0">
  <testcase classname="com.SeleniumFramework.TestCases.TC_HistoryValidation_03" name="History_Validation" time="29.005"/>
  <system-out/>
</testsuite> <!-- com.SeleniumFramework.TestCases.TC_HistoryValidation_03 -->
