<?xml version="1.0" encoding="UTF-8"?>
<!-- Generated by org.testng.reporters.JUnitReportReporter -->
<testsuite hostname="LAPTOP-VR2BVJGM" failures="0" tests="4" name="api.testCases.TC_01_UserTests" time="9.798" errors="0" timestamp="2024-06-08T16:26:41 IST" skipped="0">
  <testcase classname="api.testCases.TC_01_UserTests" name="testPostUser" time="5.940"/>
  <system-out/>
  <testcase classname="api.testCases.TC_01_UserTests" name="testGetUserDetails" time="1.307"/>
  <system-out/>
  <testcase classname="api.testCases.TC_01_UserTests" name="testUpdateUser" time="1.282"/>
  <system-out/>
  <testcase classname="api.testCases.TC_01_UserTests" name="testDeleteUserDetails" time="1.269"/>
  <system-out/>
</testsuite> <!-- api.testCases.TC_01_UserTests -->
