<?xml version="1.0" encoding="UTF-8"?>
<!-- Generated by org.testng.reporters.JUnitReportReporter -->
<testsuite hostname="LAPTOP-VR2BVJGM" failures="0" tests="6" name="api.testCases.TC_02_DDTests" time="12.134" errors="0" timestamp="2024-06-08T16:27:26 IST" skipped="0">
  <testcase classname="api.testCases.TC_02_DDTests" name="testPostUser" time="5.824"/>
  <system-out/>
  <testcase classname="api.testCases.TC_02_DDTests" name="testPostUser" time="1.331"/>
  <system-out/>
  <testcase classname="api.testCases.TC_02_DDTests" name="testPostUser" time="1.258"/>
  <system-out/>
  <testcase classname="api.testCases.TC_02_DDTests" name="testDeleteUSer" time="1.249"/>
  <system-out/>
  <testcase classname="api.testCases.TC_02_DDTests" name="testDeleteUSer" time="1.234"/>
  <system-out/>
  <testcase classname="api.testCases.TC_02_DDTests" name="testDeleteUSer" time="1.238"/>
  <system-out/>
</testsuite> <!-- api.testCases.TC_02_DDTests -->
