<?xml version="1.0" encoding="UTF-8"?>
<!-- Generated by org.testng.reporters.JUnitReportReporter -->
<testsuite hostname="LAPTOP-VR2BVJGM" failures="0" tests="1" name="Cmpyn.SeleniumFramework.AppTest" time="39.477" errors="0" timestamp="2024-05-05T19:22:35 IST" skipped="0">
  <testcase classname="Cmpyn.SeleniumFramework.AppTest" name="LoginFlowValidation" time="39.477"/>
  <system-out/>
</testsuite> <!-- Cmpyn.SeleniumFramework.AppTest -->
