<?xml version="1.0" encoding="UTF-8"?>
<!-- Generated by org.testng.reporters.JUnitReportReporter -->
<testsuite hostname="LAPTOP-VR2BVJGM" failures="0" tests="6" name="api.testCases.TC_02_DDTests" time="7.242" errors="0" timestamp="2024-06-05T18:21:51 IST" skipped="0">
  <testcase classname="api.testCases.TC_02_DDTests" name="testPostUser" time="1.138"/>
  <system-out/>
  <testcase classname="api.testCases.TC_02_DDTests" name="testPostUser" time="1.233"/>
  <system-out/>
  <testcase classname="api.testCases.TC_02_DDTests" name="testPostUser" time="1.158"/>
  <system-out/>
  <testcase classname="api.testCases.TC_02_DDTests" name="testDeleteUSer" time="1.215"/>
  <system-out/>
  <testcase classname="api.testCases.TC_02_DDTests" name="testDeleteUSer" time="1.225"/>
  <system-out/>
  <testcase classname="api.testCases.TC_02_DDTests" name="testDeleteUSer" time="1.273"/>
  <system-out/>
</testsuite> <!-- api.testCases.TC_02_DDTests -->
