<?xml version="1.0" encoding="UTF-8"?>
<!-- Generated by org.testng.reporters.JUnitReportReporter -->
<testsuite hostname="LAPTOP-VR2BVJGM" failures="0" tests="3" name="com.RestAssured.TestCases.TC_02_Path_QueryParamter" time="24.709" errors="0" timestamp="2024-05-27T16:37:11 IST" skipped="0">
  <testcase classname="com.RestAssured.TestCases.TC_02_Path_QueryParamter" name="testHeader" time="0.215"/>
  <system-out/>
  <testcase classname="com.RestAssured.TestCases.TC_02_Path_QueryParamter" name="PathQueryParam" time="24.068"/>
  <system-out/>
  <testcase classname="com.RestAssured.TestCases.TC_02_Path_QueryParamter" name="headers" time="0.426"/>
  <system-out/>
</testsuite> <!-- com.RestAssured.TestCases.TC_02_Path_QueryParamter -->
