<?xml version="1.0" encoding="UTF-8"?>
<!-- Generated by org.testng.reporters.JUnitReportReporter -->
<testsuite hostname="LAPTOP-VR2BVJGM" failures="0" tests="2" name="com.RestAssured.TestCases.TC_01_RestAssured" time="6.756" errors="0" timestamp="2024-05-25T16:55:13 IST" skipped="0">
  <testcase classname="com.RestAssured.TestCases.TC_01_RestAssured" name="CreateRequest" time="4.899"/>
  <system-out/>
  <testcase classname="com.RestAssured.TestCases.TC_01_RestAssured" name="getRequests" time="1.857"/>
  <system-out/>
</testsuite> <!-- com.RestAssured.TestCases.TC_01_RestAssured -->
