<?xml version="1.0" encoding="UTF-8"?>
<!-- Generated by org.testng.reporters.JUnitReportReporter -->
<testsuite hostname="LAPTOP-VR2BVJGM" failures="0" tests="1" name="com.SeleniumFramework.TestCases.TC_Login_01" time="71.555" errors="0" timestamp="2024-05-18T17:27:13 IST" skipped="0">
  <testcase classname="com.SeleniumFramework.TestCases.TC_Login_01" name="LoginFlowValidation" time="71.555"/>
  <system-out/>
</testsuite> <!-- com.SeleniumFramework.TestCases.TC_Login_01 -->
