<?xml version="1.0" encoding="UTF-8"?>
<!-- Generated by org.testng.reporters.JUnitReportReporter -->
<testsuite hostname="LAPTOP-VR2BVJGM" failures="0" tests="1" name="com.SeleniumFramework.TestCases.TC_03_HistoryValidation" time="86.172" errors="0" timestamp="2024-05-19T17:10:14 IST" skipped="0">
  <testcase classname="com.SeleniumFramework.TestCases.TC_03_HistoryValidation" name="History_Validation" time="86.172"/>
  <system-out/>
</testsuite> <!-- com.SeleniumFramework.TestCases.TC_03_HistoryValidation -->
