<?xml version="1.0" encoding="UTF-8"?>
<!-- Generated by org.testng.reporters.JUnitReportReporter -->
<testsuite hostname="LAPTOP-VR2BVJGM" failures="0" tests="4" name="api.testCases.TC_01_UserTests" time="11.443" errors="0" timestamp="2024-06-08T17:47:22 IST" skipped="0">
  <testcase classname="api.testCases.TC_01_UserTests" name="testPostUser" time="7.148"/>
  <system-out/>
  <testcase classname="api.testCases.TC_01_UserTests" name="testGetUserDetails" time="1.616"/>
  <system-out/>
  <testcase classname="api.testCases.TC_01_UserTests" name="testUpdateUser" time="1.343"/>
  <system-out/>
  <testcase classname="api.testCases.TC_01_UserTests" name="testDeleteUserDetails" time="1.336"/>
  <system-out/>
</testsuite> <!-- api.testCases.TC_01_UserTests -->
