<?xml version="1.0" encoding="UTF-8"?>
<!-- Generated by org.testng.reporters.JUnitReportReporter -->
<testsuite hostname="LAPTOP-VR2BVJGM" failures="0" tests="6" name="api.testCases.TC_02_DDTests" time="7.514" errors="0" timestamp="2024-06-08T17:47:22 IST" skipped="0">
  <testcase classname="api.testCases.TC_02_DDTests" name="testPostUser" time="1.247"/>
  <system-out/>
  <testcase classname="api.testCases.TC_02_DDTests" name="testPostUser" time="1.278"/>
  <system-out/>
  <testcase classname="api.testCases.TC_02_DDTests" name="testPostUser" time="1.260"/>
  <system-out/>
  <testcase classname="api.testCases.TC_02_DDTests" name="testDeleteUSer" time="1.229"/>
  <system-out/>
  <testcase classname="api.testCases.TC_02_DDTests" name="testDeleteUSer" time="1.263"/>
  <system-out/>
  <testcase classname="api.testCases.TC_02_DDTests" name="testDeleteUSer" time="1.237"/>
  <system-out/>
</testsuite> <!-- api.testCases.TC_02_DDTests -->
